Remote Registry: registry.cn-hangzhou.aliyuncs.com/babyplus
[master e8b854e] release-va23062764ed1.geonetwork.4_2_4 geonetwork:4.2.4
 Committer: root <root@localhost.localdomain>
Your name and email address were configured automatically based
on your username and hostname. Please check that they are accurate.
You can suppress this message by setting them explicitly:

    git config --global user.name "Your Name"
    git config --global user.email you@example.com

After doing this, you may fix the identity used for this commit with:

    git commit --amend --reset-author

 3 files changed, 9 insertions(+), 4 deletions(-)
 create mode 100644 nohup.out
remote: To git@github.com:babyplus/get.git
 * [new tag]         release-va23062764ed1.geonetwork.4_2_4 -> release-va23062764ed1.geonetwork.4_2_4
Error response from daemon: manifest for registry.cn-hangzhou.aliyuncs.com/babyplus/get:a23062764ed1.geonetwork.4_2_4 not found: manifest unknown: manifest unknown
[master e907266] release-va23062740295.geonetwork.4_2_4 geonetwork:4.2.4
 Committer: root <root@localhost.localdomain>
Your name and email address were configured automatically based
on your username and hostname. Please check that they are accurate.
You can suppress this message by setting them explicitly:

    git config --global user.name "Your Name"
    git config --global user.email you@example.com

After doing this, you may fix the identity used for this commit with:

    git commit --amend --reset-author

 1 file changed, 18 insertions(+)
remote: To git@github.com:babyplus/get.git
 * [new tag]         release-va23062740295.geonetwork.4_2_4 -> release-va23062740295.geonetwork.4_2_4
Error response from daemon: manifest for registry.cn-hangzhou.aliyuncs.com/babyplus/get:a23062764ed1.geonetwork.4_2_4 not found: manifest unknown: manifest unknown
Error response from daemon: manifest for registry.cn-hangzhou.aliyuncs.com/babyplus/get:a23062740295.geonetwork.4_2_4 not found: manifest unknown: manifest unknown
[master 73fcc8d] release-va2306277a01b.geonetwork.4_2_4 geonetwork:4.2.4
 Committer: root <root@localhost.localdomain>
Your name and email address were configured automatically based
on your username and hostname. Please check that they are accurate.
You can suppress this message by setting them explicitly:

    git config --global user.name "Your Name"
    git config --global user.email you@example.com

After doing this, you may fix the identity used for this commit with:

    git commit --amend --reset-author

 1 file changed, 18 insertions(+)
remote: To git@github.com:babyplus/get.git
 * [new tag]         release-va2306277a01b.geonetwork.4_2_4 -> release-va2306277a01b.geonetwork.4_2_4
Error response from daemon: manifest for registry.cn-hangzhou.aliyuncs.com/babyplus/get:a23062740295.geonetwork.4_2_4 not found: manifest unknown: manifest unknown
Error response from daemon: manifest for registry.cn-hangzhou.aliyuncs.com/babyplus/get:a2306277a01b.geonetwork.4_2_4 not found: manifest unknown: manifest unknown
[master 6cf3205] release-va2306279a4cf.geonetwork.4_2_4 geonetwork:4.2.4
 Committer: root <root@localhost.localdomain>
Your name and email address were configured automatically based
on your username and hostname. Please check that they are accurate.
You can suppress this message by setting them explicitly:

    git config --global user.name "Your Name"
    git config --global user.email you@example.com

After doing this, you may fix the identity used for this commit with:

    git commit --amend --reset-author

 1 file changed, 18 insertions(+)
remote: To git@github.com:babyplus/get.git
 * [new tag]         release-va2306279a4cf.geonetwork.4_2_4 -> release-va2306279a4cf.geonetwork.4_2_4
Error response from daemon: manifest for registry.cn-hangzhou.aliyuncs.com/babyplus/get:a2306277a01b.geonetwork.4_2_4 not found: manifest unknown: manifest unknown
Error response from daemon: manifest for registry.cn-hangzhou.aliyuncs.com/babyplus/get:a2306279a4cf.geonetwork.4_2_4 not found: manifest unknown: manifest unknown
[master 8e2a084] release-va2306271558a.geonetwork.4_2_4 geonetwork:4.2.4
 Committer: root <root@localhost.localdomain>
Your name and email address were configured automatically based
on your username and hostname. Please check that they are accurate.
You can suppress this message by setting them explicitly:

    git config --global user.name "Your Name"
    git config --global user.email you@example.com

After doing this, you may fix the identity used for this commit with:

    git commit --amend --reset-author

 1 file changed, 18 insertions(+)
remote: To git@github.com:babyplus/get.git
 * [new tag]         release-va2306271558a.geonetwork.4_2_4 -> release-va2306271558a.geonetwork.4_2_4
Error response from daemon: manifest for registry.cn-hangzhou.aliyuncs.com/babyplus/get:a2306279a4cf.geonetwork.4_2_4 not found: manifest unknown: manifest unknown
a2306271558a.geonetwork.4_2_4: Pulling from babyplus/get
f0412dfb1aae: Pulling fs layer
491508b827d8: Pulling fs layer
222400e688c1: Pulling fs layer
ebdc1564c73c: Pulling fs layer
dc3c6a7de9ff: Pulling fs layer
b74412b59169: Pulling fs layer
b4ac873f752a: Pulling fs layer
e21f9cf8e35d: Pulling fs layer
52d1f953a71f: Pulling fs layer
ebdc1564c73c: Waiting
dc3c6a7de9ff: Waiting
b74412b59169: Waiting
b4ac873f752a: Waiting
e21f9cf8e35d: Waiting
52d1f953a71f: Waiting
491508b827d8: Verifying Checksum
491508b827d8: Download complete
ebdc1564c73c: Verifying Checksum
ebdc1564c73c: Download complete
f0412dfb1aae: Verifying Checksum
f0412dfb1aae: Download complete
b74412b59169: Verifying Checksum
b74412b59169: Download complete
dc3c6a7de9ff: Verifying Checksum
dc3c6a7de9ff: Download complete
b4ac873f752a: Verifying Checksum
b4ac873f752a: Download complete
52d1f953a71f: Verifying Checksum
52d1f953a71f: Download complete
222400e688c1: Verifying Checksum
222400e688c1: Download complete
f0412dfb1aae: Pull complete
491508b827d8: Pull complete
222400e688c1: Pull complete
ebdc1564c73c: Pull complete
dc3c6a7de9ff: Pull complete
b74412b59169: Pull complete
b4ac873f752a: Pull complete
e21f9cf8e35d: Verifying Checksum
e21f9cf8e35d: Download complete
e21f9cf8e35d: Pull complete
52d1f953a71f: Pull complete
Digest: sha256:2b446751163256daba234bca950790256709976ab06c8c8ff8771188274f6cdc
Status: Downloaded newer image for registry.cn-hangzhou.aliyuncs.com/babyplus/get:a2306271558a.geonetwork.4_2_4
registry.cn-hangzhou.aliyuncs.com/babyplus/get:a2306271558a.geonetwork.4_2_4
[master 733f21d] release-va230627c3869.node.lts-alpine3_18 node:lts-alpine3.18
 Committer: root <root@localhost.localdomain>
Your name and email address were configured automatically based
on your username and hostname. Please check that they are accurate.
You can suppress this message by setting them explicitly:

    git config --global user.name "Your Name"
    git config --global user.email you@example.com

After doing this, you may fix the identity used for this commit with:

    git commit --amend --reset-author

 2 files changed, 64 insertions(+), 1 deletion(-)
remote: To git@github.com:babyplus/get.git
 * [new tag]         release-va230627c3869.node.lts-alpine3_18 -> release-va230627c3869.node.lts-alpine3_18
a230627c3869.node.lts-alpine3_18: Pulling from babyplus/get
31e352740f53: Pulling fs layer
560412e561fb: Pulling fs layer
02735cb6c78b: Pulling fs layer
86d562f7b855: Pulling fs layer
86d562f7b855: Waiting
02735cb6c78b: Verifying Checksum
02735cb6c78b: Download complete
31e352740f53: Verifying Checksum
31e352740f53: Download complete
86d562f7b855: Verifying Checksum
86d562f7b855: Download complete
31e352740f53: Pull complete
560412e561fb: Verifying Checksum
560412e561fb: Download complete
560412e561fb: Pull complete
02735cb6c78b: Pull complete
86d562f7b855: Pull complete
Digest: sha256:5982137da05aa1cdb08539698e18c170696df6a0eb79909b7f044cca5178f90d
Status: Downloaded newer image for registry.cn-hangzhou.aliyuncs.com/babyplus/get:a230627c3869.node.lts-alpine3_18
registry.cn-hangzhou.aliyuncs.com/babyplus/get:a230627c3869.node.lts-alpine3_18
[master 0e544ec] release-va23062711167.node.lts-bullseye node:lts-bullseye
 Committer: root <root@localhost.localdomain>
Your name and email address were configured automatically based
on your username and hostname. Please check that they are accurate.
You can suppress this message by setting them explicitly:

    git config --global user.name "Your Name"
    git config --global user.email you@example.com

After doing this, you may fix the identity used for this commit with:

    git commit --amend --reset-author

 2 files changed, 38 insertions(+), 1 deletion(-)
remote: To git@github.com:babyplus/get.git
 * [new tag]         release-va23062711167.node.lts-bullseye -> release-va23062711167.node.lts-bullseye
a23062711167.node.lts-bullseye: Pulling from babyplus/get
93c2d578e421: Pulling fs layer
c87e6f3487e1: Pulling fs layer
65b4d59f9aba: Pulling fs layer
d7edca23d42b: Pulling fs layer
25c206b29ffe: Pulling fs layer
bdf1a95618f6: Pulling fs layer
b4675c226ed3: Pulling fs layer
dfbe26d2f5fc: Pulling fs layer
d7edca23d42b: Waiting
25c206b29ffe: Waiting
bdf1a95618f6: Waiting
b4675c226ed3: Waiting
dfbe26d2f5fc: Waiting
c87e6f3487e1: Verifying Checksum
c87e6f3487e1: Download complete
93c2d578e421: Verifying Checksum
93c2d578e421: Download complete
65b4d59f9aba: Verifying Checksum
65b4d59f9aba: Download complete
25c206b29ffe: Verifying Checksum
25c206b29ffe: Download complete
b4675c226ed3: Verifying Checksum
b4675c226ed3: Download complete
dfbe26d2f5fc: Verifying Checksum
dfbe26d2f5fc: Download complete
bdf1a95618f6: Verifying Checksum
bdf1a95618f6: Download complete
93c2d578e421: Pull complete
c87e6f3487e1: Pull complete
d7edca23d42b: Verifying Checksum
d7edca23d42b: Download complete
65b4d59f9aba: Pull complete
d7edca23d42b: Pull complete
25c206b29ffe: Pull complete
bdf1a95618f6: Pull complete
b4675c226ed3: Pull complete
dfbe26d2f5fc: Pull complete
Digest: sha256:d0c8b4e05f29e534d96cc4fccc452d80f3c2702cbe610e97503def62571d8b40
Status: Downloaded newer image for registry.cn-hangzhou.aliyuncs.com/babyplus/get:a23062711167.node.lts-bullseye
registry.cn-hangzhou.aliyuncs.com/babyplus/get:a23062711167.node.lts-bullseye
[master b1bcdaf] release-va2306276bdfd.node.lts-bullseye-slim node:lts-bullseye-slim
 Committer: root <root@localhost.localdomain>
Your name and email address were configured automatically based
on your username and hostname. Please check that they are accurate.
You can suppress this message by setting them explicitly:

    git config --global user.name "Your Name"
    git config --global user.email you@example.com

After doing this, you may fix the identity used for this commit with:

    git commit --amend --reset-author

 2 files changed, 58 insertions(+), 1 deletion(-)
remote: To git@github.com:babyplus/get.git
 * [new tag]         release-va2306276bdfd.node.lts-bullseye-slim -> release-va2306276bdfd.node.lts-bullseye-slim
Error response from daemon: manifest for registry.cn-hangzhou.aliyuncs.com/babyplus/get:a2306276bdfd.node.lts-bullseye-slim not found: manifest unknown: manifest unknown
[master 5119b91] release-va230627e2852.node.lts-bullseye-slim node:lts-bullseye-slim
 Committer: root <root@localhost.localdomain>
Your name and email address were configured automatically based
on your username and hostname. Please check that they are accurate.
You can suppress this message by setting them explicitly:

    git config --global user.name "Your Name"
    git config --global user.email you@example.com

After doing this, you may fix the identity used for this commit with:

    git commit --amend --reset-author

 1 file changed, 17 insertions(+)
remote: To git@github.com:babyplus/get.git
 * [new tag]         release-va230627e2852.node.lts-bullseye-slim -> release-va230627e2852.node.lts-bullseye-slim
Error response from daemon: manifest for registry.cn-hangzhou.aliyuncs.com/babyplus/get:a2306276bdfd.node.lts-bullseye-slim not found: manifest unknown: manifest unknown
Error response from daemon: manifest for registry.cn-hangzhou.aliyuncs.com/babyplus/get:a230627e2852.node.lts-bullseye-slim not found: manifest unknown: manifest unknown
[master a273dd7] release-va23062748d0a.node.lts-bullseye-slim node:lts-bullseye-slim
 Committer: root <root@localhost.localdomain>
Your name and email address were configured automatically based
on your username and hostname. Please check that they are accurate.
You can suppress this message by setting them explicitly:

    git config --global user.name "Your Name"
    git config --global user.email you@example.com

After doing this, you may fix the identity used for this commit with:

    git commit --amend --reset-author

 1 file changed, 18 insertions(+)
remote: To git@github.com:babyplus/get.git
 * [new tag]         release-va23062748d0a.node.lts-bullseye-slim -> release-va23062748d0a.node.lts-bullseye-slim
Error response from daemon: manifest for registry.cn-hangzhou.aliyuncs.com/babyplus/get:a230627e2852.node.lts-bullseye-slim not found: manifest unknown: manifest unknown
Error response from daemon: manifest for registry.cn-hangzhou.aliyuncs.com/babyplus/get:a23062748d0a.node.lts-bullseye-slim not found: manifest unknown: manifest unknown
[master fa2fcce] release-va2306278bfb7.node.lts-bullseye-slim node:lts-bullseye-slim
 Committer: root <root@localhost.localdomain>
Your name and email address were configured automatically based
on your username and hostname. Please check that they are accurate.
You can suppress this message by setting them explicitly:

    git config --global user.name "Your Name"
    git config --global user.email you@example.com

After doing this, you may fix the identity used for this commit with:

    git commit --amend --reset-author

 1 file changed, 18 insertions(+)
remote: To git@github.com:babyplus/get.git
 * [new tag]         release-va2306278bfb7.node.lts-bullseye-slim -> release-va2306278bfb7.node.lts-bullseye-slim
Error response from daemon: manifest for registry.cn-hangzhou.aliyuncs.com/babyplus/get:a23062748d0a.node.lts-bullseye-slim not found: manifest unknown: manifest unknown
Error response from daemon: manifest for registry.cn-hangzhou.aliyuncs.com/babyplus/get:a2306278bfb7.node.lts-bullseye-slim not found: manifest unknown: manifest unknown
[master b6d2398] release-va23062791387.node.lts-bullseye-slim node:lts-bullseye-slim
 Committer: root <root@localhost.localdomain>
Your name and email address were configured automatically based
on your username and hostname. Please check that they are accurate.
You can suppress this message by setting them explicitly:

    git config --global user.name "Your Name"
    git config --global user.email you@example.com

After doing this, you may fix the identity used for this commit with:

    git commit --amend --reset-author

 1 file changed, 18 insertions(+)
remote: To git@github.com:babyplus/get.git
 * [new tag]         release-va23062791387.node.lts-bullseye-slim -> release-va23062791387.node.lts-bullseye-slim
Error response from daemon: manifest for registry.cn-hangzhou.aliyuncs.com/babyplus/get:a2306278bfb7.node.lts-bullseye-slim not found: manifest unknown: manifest unknown
Error response from daemon: manifest for registry.cn-hangzhou.aliyuncs.com/babyplus/get:a23062791387.node.lts-bullseye-slim not found: manifest unknown: manifest unknown
[master 140fd10] release-va2306276414b.node.lts-bullseye-slim node:lts-bullseye-slim
 Committer: root <root@localhost.localdomain>
Your name and email address were configured automatically based
on your username and hostname. Please check that they are accurate.
You can suppress this message by setting them explicitly:

    git config --global user.name "Your Name"
    git config --global user.email you@example.com

After doing this, you may fix the identity used for this commit with:

    git commit --amend --reset-author

 1 file changed, 18 insertions(+)
remote: To git@github.com:babyplus/get.git
 * [new tag]         release-va2306276414b.node.lts-bullseye-slim -> release-va2306276414b.node.lts-bullseye-slim
Error response from daemon: manifest for registry.cn-hangzhou.aliyuncs.com/babyplus/get:a23062791387.node.lts-bullseye-slim not found: manifest unknown: manifest unknown
Error response from daemon: manifest for registry.cn-hangzhou.aliyuncs.com/babyplus/get:a2306276414b.node.lts-bullseye-slim not found: manifest unknown: manifest unknown
[master 6dd7633] release-va230627e8e6c.node.lts-bullseye-slim node:lts-bullseye-slim
 Committer: root <root@localhost.localdomain>
Your name and email address were configured automatically based
on your username and hostname. Please check that they are accurate.
You can suppress this message by setting them explicitly:

    git config --global user.name "Your Name"
    git config --global user.email you@example.com

After doing this, you may fix the identity used for this commit with:

    git commit --amend --reset-author

 1 file changed, 18 insertions(+)
remote: To git@github.com:babyplus/get.git
 * [new tag]         release-va230627e8e6c.node.lts-bullseye-slim -> release-va230627e8e6c.node.lts-bullseye-slim
[master 86ac561] release-va230627cd564.openapi_generator_cli.v6_6_0 openapitools/openapi-generator-cli:v6.6.0
 Committer: root <root@localhost.localdomain>
Your name and email address were configured automatically based
on your username and hostname. Please check that they are accurate.
You can suppress this message by setting them explicitly:

    git config --global user.name "Your Name"
    git config --global user.email you@example.com

After doing this, you may fix the identity used for this commit with:

    git commit --amend --reset-author

 2 files changed, 17 insertions(+), 1 deletion(-)
remote: To git@github.com:babyplus/get.git
 * [new tag]         release-va230627cd564.openapi_generator_cli.v6_6_0 -> release-va230627cd564.openapi_generator_cli.v6_6_0
Error response from daemon: manifest for registry.cn-hangzhou.aliyuncs.com/babyplus/get:a230627cd564.openapi_generator_cli.v6_6_0 not found: manifest unknown: manifest unknown
[master d3f2de5] release-va23062749457.openapi_generator_cli.v6_6_0 openapitools/openapi-generator-cli:v6.6.0
 Committer: root <root@localhost.localdomain>
Your name and email address were configured automatically based
on your username and hostname. Please check that they are accurate.
You can suppress this message by setting them explicitly:

    git config --global user.name "Your Name"
    git config --global user.email you@example.com

After doing this, you may fix the identity used for this commit with:

    git commit --amend --reset-author

 1 file changed, 17 insertions(+)
remote: To git@github.com:babyplus/get.git
 * [new tag]         release-va23062749457.openapi_generator_cli.v6_6_0 -> release-va23062749457.openapi_generator_cli.v6_6_0
Error response from daemon: manifest for registry.cn-hangzhou.aliyuncs.com/babyplus/get:a230627cd564.openapi_generator_cli.v6_6_0 not found: manifest unknown: manifest unknown
Error response from daemon: manifest for registry.cn-hangzhou.aliyuncs.com/babyplus/get:a23062749457.openapi_generator_cli.v6_6_0 not found: manifest unknown: manifest unknown
[master 34c459a] release-va230627b7f35.openapi_generator_cli.v6_6_0 openapitools/openapi-generator-cli:v6.6.0
 Committer: root <root@localhost.localdomain>
Your name and email address were configured automatically based
on your username and hostname. Please check that they are accurate.
You can suppress this message by setting them explicitly:

    git config --global user.name "Your Name"
    git config --global user.email you@example.com

After doing this, you may fix the identity used for this commit with:

    git commit --amend --reset-author

 1 file changed, 18 insertions(+)
remote: To git@github.com:babyplus/get.git
 * [new tag]         release-va230627b7f35.openapi_generator_cli.v6_6_0 -> release-va230627b7f35.openapi_generator_cli.v6_6_0
Error response from daemon: manifest for registry.cn-hangzhou.aliyuncs.com/babyplus/get:a23062749457.openapi_generator_cli.v6_6_0 not found: manifest unknown: manifest unknown
a230627b7f35.openapi_generator_cli.v6_6_0: Pulling from babyplus/get
7e6a53d1988f: Pulling fs layer
4fe4e1c58b4a: Pulling fs layer
cc915d298757: Pulling fs layer
0f795594794c: Pulling fs layer
6cd61a4b7a06: Pulling fs layer
62acc5f6f7aa: Pulling fs layer
113abc1c08e0: Pulling fs layer
c1d7dcb6995a: Pulling fs layer
0f795594794c: Waiting
6cd61a4b7a06: Waiting
62acc5f6f7aa: Waiting
113abc1c08e0: Waiting
c1d7dcb6995a: Waiting
4fe4e1c58b4a: Verifying Checksum
4fe4e1c58b4a: Download complete
cc915d298757: Verifying Checksum
cc915d298757: Download complete
6cd61a4b7a06: Verifying Checksum
6cd61a4b7a06: Download complete
0f795594794c: Verifying Checksum
0f795594794c: Download complete
7e6a53d1988f: Verifying Checksum
7e6a53d1988f: Download complete
113abc1c08e0: Verifying Checksum
113abc1c08e0: Download complete
c1d7dcb6995a: Verifying Checksum
c1d7dcb6995a: Download complete
62acc5f6f7aa: Verifying Checksum
62acc5f6f7aa: Download complete
7e6a53d1988f: Pull complete
4fe4e1c58b4a: Pull complete
cc915d298757: Pull complete
0f795594794c: Pull complete
6cd61a4b7a06: Pull complete
62acc5f6f7aa: Pull complete
113abc1c08e0: Pull complete
c1d7dcb6995a: Pull complete
Digest: sha256:29b31d97e227c3710a719a09c11d07da03bb4417af89428d32015c7811a486c6
Status: Downloaded newer image for registry.cn-hangzhou.aliyuncs.com/babyplus/get:a230627b7f35.openapi_generator_cli.v6_6_0
registry.cn-hangzhou.aliyuncs.com/babyplus/get:a230627b7f35.openapi_generator_cli.v6_6_0
[master 52c44cb] release-va2306279edb7.plex.arm64v8-1_32_4 linuxserver/plex:arm64v8-1.32.4
 Committer: root <root@localhost.localdomain>
Your name and email address were configured automatically based
on your username and hostname. Please check that they are accurate.
You can suppress this message by setting them explicitly:

    git config --global user.name "Your Name"
    git config --global user.email you@example.com

After doing this, you may fix the identity used for this commit with:

    git commit --amend --reset-author

 2 files changed, 59 insertions(+), 1 deletion(-)
remote: To git@github.com:babyplus/get.git
 * [new tag]         release-va2306279edb7.plex.arm64v8-1_32_4 -> release-va2306279edb7.plex.arm64v8-1_32_4
a2306279edb7.plex.arm64v8-1_32_4: Pulling from babyplus/get
f12cfbd5f9ba: Already exists
8bc286c87514: Already exists
f50d93bd3fbf: Already exists
bddd488b7f07: Already exists
243eac7e14a1: Already exists
abd670e8c086: Already exists
32f54e430e20: Already exists
149304a00768: Already exists
Digest: sha256:ff7ba1b28e80e97199dd9bb34ee969d2d2010e05d252c37537f5e8a38e352abb
Status: Downloaded newer image for registry.cn-hangzhou.aliyuncs.com/babyplus/get:a2306279edb7.plex.arm64v8-1_32_4
registry.cn-hangzhou.aliyuncs.com/babyplus/get:a2306279edb7.plex.arm64v8-1_32_4
